.\bin\Program.ilk
.\bin\Program.pdb
E:\SOFTWARE PROJECTS\PROGRAM\BIN\PROGRAM.EXE
E:\SOFTWARE PROJECTS\PROGRAM\BIN\PROGRAM.ILK
E:\SOFTWARE PROJECTS\PROGRAM\BIN\PROGRAM.PDB
E:\SOFTWARE PROJECTS\PROGRAM\DEBUG\ACQUISITIONCHANNEL.OBJ
E:\SOFTWARE PROJECTS\PROGRAM\DEBUG\ACQUISITIONGROUP.OBJ
E:\SOFTWARE PROJECTS\PROGRAM\DEBUG\ACQUISITIONPARAMETERS.OBJ
E:\SOFTWARE PROJECTS\PROGRAM\DEBUG\ACQUISITIONSERIES.OBJ
E:\SOFTWARE PROJECTS\PROGRAM\DEBUG\ANDORCAM.OBJ
E:\SOFTWARE PROJECTS\PROGRAM\DEBUG\AVEVAR.OBJ
E:\SOFTWARE PROJECTS\PROGRAM\DEBUG\AXIOVERT.OBJ
E:\SOFTWARE PROJECTS\PROGRAM\DEBUG\CAMERA.OBJ
E:\SOFTWARE PROJECTS\PROGRAM\DEBUG\CHAMBER.OBJ
E:\SOFTWARE PROJECTS\PROGRAM\DEBUG\CHANNEL.OBJ
E:\SOFTWARE PROJECTS\PROGRAM\DEBUG\CMTBCOMCONTINUALEVENTSINK.OBJ
E:\SOFTWARE PROJECTS\PROGRAM\DEBUG\CONTROLLER.OBJ
E:\SOFTWARE PROJECTS\PROGRAM\DEBUG\CUSBCODE.OBJ
E:\SOFTWARE PROJECTS\PROGRAM\DEBUG\CUSBCODEVCOM.OBJ
E:\SOFTWARE PROJECTS\PROGRAM\DEBUG\DAISYVALVE.OBJ
E:\SOFTWARE PROJECTS\PROGRAM\DEBUG\DEFINITEFOCUS.OBJ
E:\SOFTWARE PROJECTS\PROGRAM\DEBUG\DG.OBJ
E:\SOFTWARE PROJECTS\PROGRAM\DEBUG\FIT.OBJ
E:\SOFTWARE PROJECTS\PROGRAM\DEBUG\FLOWCHANNEL.OBJ
E:\SOFTWARE PROJECTS\PROGRAM\DEBUG\FLUIDICSSETUP.OBJ
E:\SOFTWARE PROJECTS\PROGRAM\DEBUG\FOCUS.OBJ
E:\SOFTWARE PROJECTS\PROGRAM\DEBUG\GALVO.OBJ
E:\SOFTWARE PROJECTS\PROGRAM\DEBUG\GAMMLN.OBJ
E:\SOFTWARE PROJECTS\PROGRAM\DEBUG\GAMMQ.OBJ
E:\SOFTWARE PROJECTS\PROGRAM\DEBUG\GCF.OBJ
E:\SOFTWARE PROJECTS\PROGRAM\DEBUG\GRIDFOCUS.OBJ
E:\SOFTWARE PROJECTS\PROGRAM\DEBUG\GSER.OBJ
E:\SOFTWARE PROJECTS\PROGRAM\DEBUG\IMAGEPROPERTIES.OBJ
E:\SOFTWARE PROJECTS\PROGRAM\DEBUG\IMAGEREGION.OBJ
E:\SOFTWARE PROJECTS\PROGRAM\DEBUG\LAMBDA10_3.OBJ
E:\SOFTWARE PROJECTS\PROGRAM\DEBUG\LASER.OBJ
E:\SOFTWARE PROJECTS\PROGRAM\DEBUG\LIGHTSOURCE.OBJ
E:\SOFTWARE PROJECTS\PROGRAM\DEBUG\LUDL.OBJ
E:\SOFTWARE PROJECTS\PROGRAM\DEBUG\MAGNIFICATION.OBJ
E:\SOFTWARE PROJECTS\PROGRAM\DEBUG\MULTICAM.OBJ
E:\SOFTWARE PROJECTS\PROGRAM\DEBUG\NIDAQ.OBJ
E:\SOFTWARE PROJECTS\PROGRAM\DEBUG\OBJECTIVE.OBJ
E:\SOFTWARE PROJECTS\PROGRAM\DEBUG\OBSERVER.OBJ
E:\SOFTWARE PROJECTS\PROGRAM\DEBUG\OPTOVAR.OBJ
E:\SOFTWARE PROJECTS\PROGRAM\DEBUG\OUTPORT.OBJ
E:\SOFTWARE PROJECTS\PROGRAM\DEBUG\PERIMETERFOCUS.OBJ
E:\SOFTWARE PROJECTS\PROGRAM\DEBUG\POWERMETER.OBJ
E:\SOFTWARE PROJECTS\PROGRAM\DEBUG\PROGRAM.EXE.EMBED.MANIFEST
E:\SOFTWARE PROJECTS\PROGRAM\DEBUG\PROGRAM.EXE.EMBED.MANIFEST.RES
E:\SOFTWARE PROJECTS\PROGRAM\DEBUG\PROGRAM.EXE.INTERMEDIATE.MANIFEST
E:\SOFTWARE PROJECTS\PROGRAM\DEBUG\PROTOCOLERIC.OBJ
E:\SOFTWARE PROJECTS\PROGRAM\DEBUG\PROTOCOLWALSH.OBJ
E:\SOFTWARE PROJECTS\PROGRAM\DEBUG\PROTOCOLYING_JA.OBJ
E:\SOFTWARE PROJECTS\PROGRAM\DEBUG\PUMP.OBJ
E:\SOFTWARE PROJECTS\PROGRAM\DEBUG\REAGENT.OBJ
E:\SOFTWARE PROJECTS\PROGRAM\DEBUG\RECORD.OBJ
E:\SOFTWARE PROJECTS\PROGRAM\DEBUG\RS232.OBJ
E:\SOFTWARE PROJECTS\PROGRAM\DEBUG\SCAN.OBJ
E:\SOFTWARE PROJECTS\PROGRAM\DEBUG\SCANFOCUS.OBJ
E:\SOFTWARE PROJECTS\PROGRAM\DEBUG\SCANSPOTS.OBJ
E:\SOFTWARE PROJECTS\PROGRAM\DEBUG\SELECTION.OBJ
E:\SOFTWARE PROJECTS\PROGRAM\DEBUG\SOLUTION.OBJ
E:\SOFTWARE PROJECTS\PROGRAM\DEBUG\SPLIE2.OBJ
E:\SOFTWARE PROJECTS\PROGRAM\DEBUG\SPLIN2.OBJ
E:\SOFTWARE PROJECTS\PROGRAM\DEBUG\SPLINE.OBJ
E:\SOFTWARE PROJECTS\PROGRAM\DEBUG\SPLINT.OBJ
E:\SOFTWARE PROJECTS\PROGRAM\DEBUG\SPOTFOCUS1.OBJ
E:\SOFTWARE PROJECTS\PROGRAM\DEBUG\SPOTSERIESSCAN.OBJ
E:\SOFTWARE PROJECTS\PROGRAM\DEBUG\SYRINGE.OBJ
E:\SOFTWARE PROJECTS\PROGRAM\DEBUG\TEMODULE.OBJ
E:\SOFTWARE PROJECTS\PROGRAM\DEBUG\TIMER.OBJ
E:\SOFTWARE PROJECTS\PROGRAM\DEBUG\TRIGGER.OBJ
E:\SOFTWARE PROJECTS\PROGRAM\DEBUG\USB.OBJ
E:\SOFTWARE PROJECTS\PROGRAM\DEBUG\UTILS.OBJ
E:\SOFTWARE PROJECTS\PROGRAM\DEBUG\VALVE.OBJ
E:\SOFTWARE PROJECTS\PROGRAM\DEBUG\VC100.PDB
E:\SOFTWARE PROJECTS\PROGRAM\DEBUG\XYSTAGE.OBJ
E:\SOFTWARE PROJECTS\PROGRAM\DEBUG\ZSTAGE.OBJ
F:\Eric_Roller_Data\Software Projects\Program\.\bin\Program.exe
F:\Eric_Roller_Data\Software Projects\Program\Debug\AcquisitionChannel.obj
F:\Eric_Roller_Data\Software Projects\Program\Debug\AcquisitionGroup.obj
F:\Eric_Roller_Data\Software Projects\Program\Debug\AcquisitionParameters.obj
F:\Eric_Roller_Data\Software Projects\Program\Debug\AcquisitionSeries.obj
F:\Eric_Roller_Data\Software Projects\Program\Debug\Andor885.obj
F:\Eric_Roller_Data\Software Projects\Program\Debug\Andor897.obj
F:\Eric_Roller_Data\Software Projects\Program\Debug\AndorCam.obj
F:\Eric_Roller_Data\Software Projects\Program\Debug\avevar.obj
F:\Eric_Roller_Data\Software Projects\Program\Debug\Axiovert.obj
F:\Eric_Roller_Data\Software Projects\Program\Debug\Camera.obj
F:\Eric_Roller_Data\Software Projects\Program\Debug\Chamber.obj
F:\Eric_Roller_Data\Software Projects\Program\Debug\Channel.obj
F:\Eric_Roller_Data\Software Projects\Program\Debug\cl.command.1.tlog
F:\Eric_Roller_Data\Software Projects\Program\Debug\CL.read.1.tlog
F:\Eric_Roller_Data\Software Projects\Program\Debug\CL.write.1.tlog
F:\Eric_Roller_Data\Software Projects\Program\Debug\CMTBCOMContinualEventSink.obj
F:\Eric_Roller_Data\Software Projects\Program\Debug\Controller.obj
F:\Eric_Roller_Data\Software Projects\Program\Debug\CUsbCode.obj
F:\Eric_Roller_Data\Software Projects\Program\Debug\CUsbCodeVCOM.obj
F:\Eric_Roller_Data\Software Projects\Program\Debug\DaisyValve.obj
F:\Eric_Roller_Data\Software Projects\Program\Debug\DefiniteFocus.obj
F:\Eric_Roller_Data\Software Projects\Program\Debug\DG.obj
F:\Eric_Roller_Data\Software Projects\Program\Debug\fit.obj
F:\Eric_Roller_Data\Software Projects\Program\Debug\FlowChannel.obj
F:\Eric_Roller_Data\Software Projects\Program\Debug\FluidicsSetup.obj
F:\Eric_Roller_Data\Software Projects\Program\Debug\Focus.obj
F:\Eric_Roller_Data\Software Projects\Program\Debug\Galvo.obj
F:\Eric_Roller_Data\Software Projects\Program\Debug\gammln.obj
F:\Eric_Roller_Data\Software Projects\Program\Debug\gammq.obj
F:\Eric_Roller_Data\Software Projects\Program\Debug\gcf.obj
F:\Eric_Roller_Data\Software Projects\Program\Debug\GridFocus.obj
F:\Eric_Roller_Data\Software Projects\Program\Debug\gser.obj
F:\Eric_Roller_Data\Software Projects\Program\Debug\ImageProperties.obj
F:\Eric_Roller_Data\Software Projects\Program\Debug\ImageRegion.obj
F:\Eric_Roller_Data\Software Projects\Program\Debug\Lambda10_3.obj
F:\Eric_Roller_Data\Software Projects\Program\Debug\Laser.obj
F:\Eric_Roller_Data\Software Projects\Program\Debug\LightSource.obj
F:\Eric_Roller_Data\Software Projects\Program\Debug\link.2716.read.1.tlog
F:\Eric_Roller_Data\Software Projects\Program\Debug\link.2716.write.1.tlog
F:\Eric_Roller_Data\Software Projects\Program\Debug\link.2716-cvtres.read.1.tlog
F:\Eric_Roller_Data\Software Projects\Program\Debug\link.2716-cvtres.write.1.tlog
F:\Eric_Roller_Data\Software Projects\Program\Debug\link.3156.read.1.tlog
F:\Eric_Roller_Data\Software Projects\Program\Debug\link.3156.write.1.tlog
F:\Eric_Roller_Data\Software Projects\Program\Debug\link.3156-cvtres.read.1.tlog
F:\Eric_Roller_Data\Software Projects\Program\Debug\link.3156-cvtres.write.1.tlog
F:\Eric_Roller_Data\Software Projects\Program\Debug\link.4188.read.1.tlog
F:\Eric_Roller_Data\Software Projects\Program\Debug\link.4188.write.1.tlog
F:\Eric_Roller_Data\Software Projects\Program\Debug\link.4188-cvtres.read.1.tlog
F:\Eric_Roller_Data\Software Projects\Program\Debug\link.4188-cvtres.write.1.tlog
F:\Eric_Roller_Data\Software Projects\Program\Debug\link.5216.read.1.tlog
F:\Eric_Roller_Data\Software Projects\Program\Debug\link.5216.write.1.tlog
F:\Eric_Roller_Data\Software Projects\Program\Debug\link.5216-cvtres.read.1.tlog
F:\Eric_Roller_Data\Software Projects\Program\Debug\link.5216-cvtres.write.1.tlog
F:\Eric_Roller_Data\Software Projects\Program\Debug\link.900.read.1.tlog
F:\Eric_Roller_Data\Software Projects\Program\Debug\link.900.write.1.tlog
F:\Eric_Roller_Data\Software Projects\Program\Debug\link.900-cvtres.read.1.tlog
F:\Eric_Roller_Data\Software Projects\Program\Debug\link.900-cvtres.write.1.tlog
F:\Eric_Roller_Data\Software Projects\Program\Debug\link.command.1.tlog
F:\Eric_Roller_Data\Software Projects\Program\Debug\link.read.1.tlog
F:\Eric_Roller_Data\Software Projects\Program\Debug\link.write.1.tlog
F:\Eric_Roller_Data\Software Projects\Program\Debug\link-cvtres.read.1.tlog
F:\Eric_Roller_Data\Software Projects\Program\Debug\link-cvtres.write.1.tlog
F:\Eric_Roller_Data\Software Projects\Program\Debug\Ludl.obj
F:\Eric_Roller_Data\Software Projects\Program\Debug\Magnification.obj
F:\Eric_Roller_Data\Software Projects\Program\Debug\mscorlib.tlh
F:\Eric_Roller_Data\Software Projects\Program\Debug\mscorlib.tli
F:\Eric_Roller_Data\Software Projects\Program\Debug\mt.command.1.tlog
F:\Eric_Roller_Data\Software Projects\Program\Debug\mt.read.1.tlog
F:\Eric_Roller_Data\Software Projects\Program\Debug\mt.write.1.tlog
F:\Eric_Roller_Data\Software Projects\Program\Debug\mtbapi.tlh
F:\Eric_Roller_Data\Software Projects\Program\Debug\mtbapi.tli
F:\Eric_Roller_Data\Software Projects\Program\Debug\MultiCam.obj
F:\Eric_Roller_Data\Software Projects\Program\Debug\nidaq.obj
F:\Eric_Roller_Data\Software Projects\Program\Debug\Objective.obj
F:\Eric_Roller_Data\Software Projects\Program\Debug\Observer.obj
F:\Eric_Roller_Data\Software Projects\Program\Debug\Optovar.obj
F:\Eric_Roller_Data\Software Projects\Program\Debug\OutPort.obj
F:\Eric_Roller_Data\Software Projects\Program\Debug\PerimeterFocus.obj
F:\Eric_Roller_Data\Software Projects\Program\Debug\PowerMeter.obj
F:\Eric_Roller_Data\Software Projects\Program\Debug\Program.exe.embed.manifest
F:\Eric_Roller_Data\Software Projects\Program\Debug\Program.exe.embed.manifest.res
F:\Eric_Roller_Data\Software Projects\Program\Debug\Program.exe.intermediate.manifest
F:\Eric_Roller_Data\Software Projects\Program\Debug\Program_manifest.rc
F:\Eric_Roller_Data\Software Projects\Program\Debug\ProtocolEric.obj
F:\Eric_Roller_Data\Software Projects\Program\Debug\ProtocolWalsh.obj
F:\Eric_Roller_Data\Software Projects\Program\Debug\ProtocolYing_Ja.obj
F:\Eric_Roller_Data\Software Projects\Program\Debug\Pump.obj
F:\Eric_Roller_Data\Software Projects\Program\Debug\pumpcommserver.tlh
F:\Eric_Roller_Data\Software Projects\Program\Debug\rc.command.1.tlog
F:\Eric_Roller_Data\Software Projects\Program\Debug\rc.read.1.tlog
F:\Eric_Roller_Data\Software Projects\Program\Debug\rc.write.1.tlog
F:\Eric_Roller_Data\Software Projects\Program\Debug\Reagent.obj
F:\Eric_Roller_Data\Software Projects\Program\Debug\Record.obj
F:\Eric_Roller_Data\Software Projects\Program\Debug\RS232.obj
F:\Eric_Roller_Data\Software Projects\Program\Debug\Scan.obj
F:\Eric_Roller_Data\Software Projects\Program\Debug\ScanFocus.obj
F:\Eric_Roller_Data\Software Projects\Program\Debug\ScanSpots.obj
F:\Eric_Roller_Data\Software Projects\Program\Debug\Selection.obj
F:\Eric_Roller_Data\Software Projects\Program\Debug\Solution.obj
F:\Eric_Roller_Data\Software Projects\Program\Debug\splie2.obj
F:\Eric_Roller_Data\Software Projects\Program\Debug\splin2.obj
F:\Eric_Roller_Data\Software Projects\Program\Debug\spline.obj
F:\Eric_Roller_Data\Software Projects\Program\Debug\splint.obj
F:\Eric_Roller_Data\Software Projects\Program\Debug\SpotFocus1.obj
F:\Eric_Roller_Data\Software Projects\Program\Debug\SpotSeriesScan.obj
F:\Eric_Roller_Data\Software Projects\Program\Debug\Syringe.obj
F:\Eric_Roller_Data\Software Projects\Program\Debug\TEModule.obj
F:\Eric_Roller_Data\Software Projects\Program\Debug\Timer.obj
F:\Eric_Roller_Data\Software Projects\Program\Debug\Trigger.obj
F:\Eric_Roller_Data\Software Projects\Program\Debug\USB.obj
F:\Eric_Roller_Data\Software Projects\Program\Debug\Utils.obj
F:\Eric_Roller_Data\Software Projects\Program\Debug\Valve.obj
F:\Eric_Roller_Data\Software Projects\Program\Debug\vc100.idb
F:\Eric_Roller_Data\Software Projects\Program\Debug\vc100.pdb
F:\Eric_Roller_Data\Software Projects\Program\Debug\vc80.idb
F:\Eric_Roller_Data\Software Projects\Program\Debug\vc80.pdb
F:\Eric_Roller_Data\Software Projects\Program\Debug\XYStage.obj
F:\Eric_Roller_Data\Software Projects\Program\Debug\ZStage.obj
